[33m[nodemon] 1.17.5[39m
[33m[nodemon] to restart at any time, enter `rs`[39m
[33m[nodemon] watching: *.*[39m
[32m[nodemon] starting `node /Users/linfeng03/Documents/Try/koa/app.js`[39m
请求一次Tue Jun 26 2018 16:00:48 GMT+0800 (HKT)
请求一次Tue Jun 26 2018 16:00:49 GMT+0800 (HKT)
[31m[nodemon] app crashed[39m
[33m[nodemon] 1.17.5[39m
[33m[nodemon] to restart at any time, enter `rs`[39m
[33m[nodemon] watching: *.*[39m
[32m[nodemon] starting `node /Users/linfeng03/Documents/Try/koa/app.js`[39m
[31m[nodemon] app crashed[39m
[33m[nodemon] 1.17.5[39m
[33m[nodemon] to restart at any time, enter `rs`[39m
[33m[nodemon] watching: *.*[39m
[32m[nodemon] starting `node /Users/linfeng03/Documents/Try/koa/app.js`[39m
[31m[nodemon] app crashed[39m
[33m[nodemon] 1.17.5[39m
[33m[nodemon] to restart at any time, enter `rs`[39m
[33m[nodemon] watching: *.*[39m
[32m[nodemon] starting `node /Users/linfeng03/Documents/Try/koa/app.js`[39m
[31m[nodemon] app crashed[39m
[33m[nodemon] 1.17.5[39m
[33m[nodemon] to restart at any time, enter `rs`[39m
[33m[nodemon] watching: *.*[39m
[32m[nodemon] starting `node /Users/linfeng03/Documents/Try/koa/app.js`[39m
[31m[nodemon] app crashed[39m
[33m[nodemon] 1.17.5[39m
[33m[nodemon] to restart at any time, enter `rs`[39m
[33m[nodemon] watching: *.*[39m
[32m[nodemon] starting `node /Users/linfeng03/Documents/Try/koa/app.js`[39m
[31m[nodemon] app crashed[39m
[33m[nodemon] 1.17.5[39m
[33m[nodemon] to restart at any time, enter `rs`[39m
[33m[nodemon] watching: *.*[39m
[32m[nodemon] starting `node /Users/linfeng03/Documents/Try/koa/app.js`[39m
[31m[nodemon] app crashed[39m
[33m[nodemon] 1.17.5[39m
[33m[nodemon] to restart at any time, enter `rs`[39m
[33m[nodemon] watching: *.*[39m
[32m[nodemon] starting `node /Users/linfeng03/Documents/Try/koa/app.js`[39m
[31m[nodemon] app crashed[39m
[33m[nodemon] 1.17.5[39m
[33m[nodemon] to restart at any time, enter `rs`[39m
[33m[nodemon] watching: *.*[39m
[32m[nodemon] starting `node /Users/linfeng03/Documents/Try/koa/app.js`[39m
[31m[nodemon] app crashed[39m
[33m[nodemon] 1.17.5[39m
[33m[nodemon] to restart at any time, enter `rs`[39m
[33m[nodemon] watching: *.*[39m
[32m[nodemon] starting `node /Users/linfeng03/Documents/Try/koa/app.js`[39m
[31m[nodemon] app crashed[39m
[33m[nodemon] 1.17.5[39m
[33m[nodemon] to restart at any time, enter `rs`[39m
[33m[nodemon] watching: *.*[39m
[32m[nodemon] starting `node /Users/linfeng03/Documents/Try/koa/app.js`[39m
[31m[nodemon] app crashed[39m
[33m[nodemon] 1.17.5[39m
[33m[nodemon] to restart at any time, enter `rs`[39m
[33m[nodemon] watching: *.*[39m
[32m[nodemon] starting `node /Users/linfeng03/Documents/Try/koa/app.js`[39m
[31m[nodemon] app crashed[39m
[33m[nodemon] 1.17.5[39m
[33m[nodemon] to restart at any time, enter `rs`[39m
[33m[nodemon] watching: *.*[39m
[32m[nodemon] starting `node /Users/linfeng03/Documents/Try/koa/app.js`[39m
[31m[nodemon] app crashed[39m
[33m[nodemon] 1.17.5[39m
[33m[nodemon] to restart at any time, enter `rs`[39m
[33m[nodemon] watching: *.*[39m
[32m[nodemon] starting `node /Users/linfeng03/Documents/Try/koa/app.js`[39m
[31m[nodemon] app crashed[39m
[33m[nodemon] 1.17.5[39m
[33m[nodemon] to restart at any time, enter `rs`[39m
[33m[nodemon] watching: *.*[39m
[32m[nodemon] starting `node /Users/linfeng03/Documents/Try/koa/app.js`[39m
[31m[nodemon] app crashed[39m
[33m[nodemon] 1.17.5[39m
[33m[nodemon] to restart at any time, enter `rs`[39m
[33m[nodemon] watching: *.*[39m
[32m[nodemon] starting `node /Users/linfeng03/Documents/Try/koa/app.js`[39m
[31m[nodemon] app crashed[39m
[33m[nodemon] 1.17.5[39m
[33m[nodemon] to restart at any time, enter `rs`[39m
[33m[nodemon] watching: *.*[39m
[32m[nodemon] starting `node /Users/linfeng03/Documents/Try/koa/app.js`[39m
[31m[nodemon] app crashed[39m
[33m[nodemon] 1.17.5[39m
[33m[nodemon] to restart at any time, enter `rs`[39m
[33m[nodemon] watching: *.*[39m
[32m[nodemon] starting `node /Users/linfeng03/Documents/Try/koa/app.js`[39m
[31m[nodemon] app crashed[39m
[33m[nodemon] 1.17.5[39m
[33m[nodemon] to restart at any time, enter `rs`[39m
[33m[nodemon] watching: *.*[39m
[32m[nodemon] starting `node /Users/linfeng03/Documents/Try/koa/app.js`[39m
[31m[nodemon] app crashed[39m
[33m[nodemon] 1.17.5[39m
[33m[nodemon] to restart at any time, enter `rs`[39m
[33m[nodemon] watching: *.*[39m
[32m[nodemon] starting `node /Users/linfeng03/Documents/Try/koa/app.js`[39m
[31m[nodemon] app crashed[39m
[33m[nodemon] 1.17.5[39m
[33m[nodemon] to restart at any time, enter `rs`[39m
[33m[nodemon] watching: *.*[39m
[32m[nodemon] starting `node /Users/linfeng03/Documents/Try/koa/app.js`[39m
[31m[nodemon] app crashed[39m
[33m[nodemon] 1.17.5[39m
[33m[nodemon] to restart at any time, enter `rs`[39m
[33m[nodemon] watching: *.*[39m
[32m[nodemon] starting `node /Users/linfeng03/Documents/Try/koa/app.js`[39m
[31m[nodemon] app crashed[39m
[33m[nodemon] 1.17.5[39m
[33m[nodemon] to restart at any time, enter `rs`[39m
[33m[nodemon] watching: *.*[39m
[32m[nodemon] starting `node /Users/linfeng03/Documents/Try/koa/app.js`[39m
[31m[nodemon] app crashed[39m
[33m[nodemon] 1.17.5[39m
[33m[nodemon] to restart at any time, enter `rs`[39m
[33m[nodemon] watching: *.*[39m
[32m[nodemon] starting `node /Users/linfeng03/Documents/Try/koa/app.js`[39m
[31m[nodemon] app crashed[39m
[33m[nodemon] 1.17.5[39m
[33m[nodemon] to restart at any time, enter `rs`[39m
[33m[nodemon] watching: *.*[39m
[32m[nodemon] starting `node /Users/linfeng03/Documents/Try/koa/app.js`[39m
[31m[nodemon] app crashed[39m
[33m[nodemon] 1.17.5[39m
[33m[nodemon] to restart at any time, enter `rs`[39m
[33m[nodemon] watching: *.*[39m
[32m[nodemon] starting `node /Users/linfeng03/Documents/Try/koa/app.js`[39m
[31m[nodemon] app crashed[39m
[33m[nodemon] 1.17.5[39m
[33m[nodemon] to restart at any time, enter `rs`[39m
[33m[nodemon] watching: *.*[39m
[32m[nodemon] starting `node /Users/linfeng03/Documents/Try/koa/app.js`[39m
[31m[nodemon] app crashed[39m
[33m[nodemon] 1.17.5[39m
[33m[nodemon] to restart at any time, enter `rs`[39m
[33m[nodemon] watching: *.*[39m
[32m[nodemon] starting `node /Users/linfeng03/Documents/Try/koa/app.js`[39m
[31m[nodemon] app crashed[39m
[33m[nodemon] 1.17.5[39m
[33m[nodemon] to restart at any time, enter `rs`[39m
[33m[nodemon] watching: *.*[39m
[32m[nodemon] starting `node /Users/linfeng03/Documents/Try/koa/app.js`[39m
[31m[nodemon] app crashed[39m
[33m[nodemon] 1.17.5[39m
[33m[nodemon] to restart at any time, enter `rs`[39m
[33m[nodemon] watching: *.*[39m
[32m[nodemon] starting `node /Users/linfeng03/Documents/Try/koa/app.js`[39m
[31m[nodemon] app crashed[39m
[33m[nodemon] 1.17.5[39m
[33m[nodemon] to restart at any time, enter `rs`[39m
[33m[nodemon] watching: *.*[39m
[32m[nodemon] starting `node /Users/linfeng03/Documents/Try/koa/app.js`[39m
[31m[nodemon] app crashed[39m
[33m[nodemon] 1.17.5[39m
[33m[nodemon] to restart at any time, enter `rs`[39m
[33m[nodemon] watching: *.*[39m
[32m[nodemon] starting `node /Users/linfeng03/Documents/Try/koa/app.js`[39m
[31m[nodemon] app crashed[39m
[33m[nodemon] 1.17.5[39m
[33m[nodemon] to restart at any time, enter `rs`[39m
[33m[nodemon] watching: *.*[39m
[32m[nodemon] starting `node /Users/linfeng03/Documents/Try/koa/app.js`[39m
[31m[nodemon] app crashed[39m
[33m[nodemon] 1.17.5[39m
[33m[nodemon] to restart at any time, enter `rs`[39m
[33m[nodemon] watching: *.*[39m
[32m[nodemon] starting `node /Users/linfeng03/Documents/Try/koa/app.js`[39m
[31m[nodemon] app crashed[39m
[33m[nodemon] 1.17.5[39m
[33m[nodemon] to restart at any time, enter `rs`[39m
[33m[nodemon] watching: *.*[39m
[32m[nodemon] starting `node /Users/linfeng03/Documents/Try/koa/app.js`[39m
[31m[nodemon] app crashed[39m
[33m[nodemon] 1.17.5[39m
[33m[nodemon] to restart at any time, enter `rs`[39m
[33m[nodemon] watching: *.*[39m
[32m[nodemon] starting `node /Users/linfeng03/Documents/Try/koa/app.js`[39m
[31m[nodemon] app crashed[39m
[33m[nodemon] 1.17.5[39m
[33m[nodemon] to restart at any time, enter `rs`[39m
[33m[nodemon] watching: *.*[39m
[32m[nodemon] starting `node /Users/linfeng03/Documents/Try/koa/app.js`[39m
[31m[nodemon] app crashed[39m
[33m[nodemon] 1.17.5[39m
[33m[nodemon] to restart at any time, enter `rs`[39m
[33m[nodemon] watching: *.*[39m
[32m[nodemon] starting `node /Users/linfeng03/Documents/Try/koa/app.js`[39m
[31m[nodemon] app crashed[39m
[33m[nodemon] 1.17.5[39m
[33m[nodemon] to restart at any time, enter `rs`[39m
[33m[nodemon] watching: *.*[39m
[32m[nodemon] starting `node /Users/linfeng03/Documents/Try/koa/app.js`[39m
